<?xml version="1.0" encoding="UTF-8"?>
<testng-results skipped="0" failed="0" ignored="0" total="1" passed="1">
  <reporter-output>
  </reporter-output>
  <suite name="Default suite" duration-ms="27" started-at="2019-09-07T10:29:01Z" finished-at="2019-09-07T10:29:01Z">
    <groups>
    </groups>
    <test name="Default test" duration-ms="27" started-at="2019-09-07T10:29:01Z" finished-at="2019-09-07T10:29:01Z">
      <class name="TestCases.Annotations">
        <test-method status="PASS" signature="BeforeSuite()[pri:0, instance:TestCases.Annotations@4520ebad]" name="BeforeSuite" is-config="true" duration-ms="11" started-at="2019-09-07T10:29:01Z" finished-at="2019-09-07T10:29:01Z">
          <reporter-output>
          </reporter-output>
        </test-method> <!-- BeforeSuite -->
        <test-method status="PASS" signature="BeforeTest()[pri:0, instance:TestCases.Annotations@4520ebad]" name="BeforeTest" is-config="true" duration-ms="0" started-at="2019-09-07T10:29:01Z" finished-at="2019-09-07T10:29:01Z">
          <reporter-output>
          </reporter-output>
        </test-method> <!-- BeforeTest -->
        <test-method status="PASS" signature="BeforeClass()[pri:0, instance:TestCases.Annotations@4520ebad]" name="BeforeClass" is-config="true" duration-ms="0" started-at="2019-09-07T10:29:01Z" finished-at="2019-09-07T10:29:01Z">
          <reporter-output>
          </reporter-output>
        </test-method> <!-- BeforeClass -->
        <test-method status="PASS" signature="BeforeMethod()[pri:0, instance:TestCases.Annotations@4520ebad]" name="BeforeMethod" is-config="true" duration-ms="1" started-at="2019-09-07T10:29:01Z" finished-at="2019-09-07T10:29:01Z">
          <reporter-output>
          </reporter-output>
        </test-method> <!-- BeforeMethod -->
        <test-method status="PASS" signature="Test()[pri:0, instance:TestCases.Annotations@4520ebad]" name="Test" duration-ms="5" started-at="2019-09-07T10:29:01Z" finished-at="2019-09-07T10:29:01Z">
          <reporter-output>
          </reporter-output>
        </test-method> <!-- Test -->
        <test-method status="PASS" signature="AfterMethod()[pri:0, instance:TestCases.Annotations@4520ebad]" name="AfterMethod" is-config="true" duration-ms="1" started-at="2019-09-07T10:29:01Z" finished-at="2019-09-07T10:29:01Z">
          <reporter-output>
          </reporter-output>
        </test-method> <!-- AfterMethod -->
        <test-method status="PASS" signature="AfterClass()[pri:0, instance:TestCases.Annotations@4520ebad]" name="AfterClass" is-config="true" duration-ms="0" started-at="2019-09-07T10:29:01Z" finished-at="2019-09-07T10:29:01Z">
          <reporter-output>
          </reporter-output>
        </test-method> <!-- AfterClass -->
        <test-method status="PASS" signature="AfterTest()[pri:0, instance:TestCases.Annotations@4520ebad]" name="AfterTest" is-config="true" duration-ms="0" started-at="2019-09-07T10:29:01Z" finished-at="2019-09-07T10:29:01Z">
          <reporter-output>
          </reporter-output>
        </test-method> <!-- AfterTest -->
        <test-method status="PASS" signature="AfterSuite()[pri:0, instance:TestCases.Annotations@4520ebad]" name="AfterSuite" is-config="true" duration-ms="0" started-at="2019-09-07T10:29:01Z" finished-at="2019-09-07T10:29:01Z">
          <reporter-output>
          </reporter-output>
        </test-method> <!-- AfterSuite -->
      </class> <!-- TestCases.Annotations -->
    </test> <!-- Default test -->
  </suite> <!-- Default suite -->
</testng-results>
