<?xml version="1.0" encoding="UTF-8"?>
<!-- Generated by org.testng.reporters.JUnitXMLReporter -->
<testsuite hostname="LAPTOP-4VIT3L97" ignored="0" name="Login" tests="4" failures="0" timestamp="28 Aug 2019 13:54:00 GMT" time="38.562" errors="0">
  <testcase name="Login" time="20.643" classname="TestCases.TestCase1"/>
  <testcase name="Shoes" time="4.247" classname="TestCases.TestCase1"/>
  <testcase name="cartitem" time="6.712" classname="TestCases.TestCase1"/>
  <testcase name="removecartitem1" time="6.937" classname="TestCases.TestCase1"/>
</testsuite> <!-- Login -->
